This file contains any messages produced by compilers while
running configure, to aid debugging if configure makes a mistake.

It was created by Isidor configure 0.0.0, which was
generated by GNU Autoconf 2.57.  Invocation command line was

  $ ./configure 

## --------- ##
## Platform. ##
## --------- ##

hostname = penpen
uname -m = i686
uname -r = 2.4.22-1-k7
uname -s = Linux
uname -v = #5 Sat Oct 4 14:11:12 EST 2003

/usr/bin/uname -p = unknown
/bin/uname -X     = unknown

/bin/arch              = i686
/usr/bin/arch -k       = unknown
/usr/convex/getsysinfo = unknown
hostinfo               = unknown
/bin/machine           = unknown
/usr/bin/oslevel       = unknown
/bin/universe          = unknown

PATH: /usr/local/bin
PATH: /usr/bin
PATH: /bin
PATH: /usr/bin/X11
PATH: /usr/games
PATH: /usr/local/games
PATH: /home/ingo/bin


## ----------- ##
## Core tests. ##
## ----------- ##

configure:1286: checking for a BSD-compatible install
configure:1340: result: /usr/bin/install -c
configure:1351: checking whether build environment is sane
configure:1394: result: yes
configure:1427: checking for gawk
configure:1443: found /usr/bin/gawk
configure:1453: result: gawk
configure:1463: checking whether make sets $(MAKE)
configure:1483: result: yes
configure:1694: checking for gcc
configure:1710: found /usr/bin/gcc
configure:1720: result: gcc
configure:1964: checking for C compiler version
configure:1967: gcc --version </dev/null >&5
gcc.real (GCC) 3.3.2 20031005 (Debian prerelease)
Copyright (C) 2003 Free Software Foundation, Inc.
This is free software; see the source for copying conditions.  There is NO
warranty; not even for MERCHANTABILITY or FITNESS FOR A PARTICULAR PURPOSE.

configure:1970: $? = 0
configure:1972: gcc -v </dev/null >&5
Reading specs from /usr/lib/gcc-lib/i486-linux/3.3.2/specs
Configured with: ../src/configure -v --enable-languages=c,c++,java,f77,pascal,objc,ada,treelang --prefix=/usr --mandir=/usr/share/man --infodir=/usr/share/info --with-gxx-include-dir=/usr/include/c++/3.3 --enable-shared --with-system-zlib --enable-nls --without-included-gettext --enable-__cxa_atexit --enable-clocale=gnu --enable-debug --enable-java-gc=boehm --enable-java-awt=xlib --enable-objc-gc i486-linux
Thread model: posix
gcc version 3.3.2 20031005 (Debian prerelease)
configure:1975: $? = 0
configure:1977: gcc -V </dev/null >&5
gcc.real: `-V' option must have argument
configure:1980: $? = 1
configure:2004: checking for C compiler default output
configure:2007: gcc    conftest.c  >&5
configure:2010: $? = 0
configure:2056: result: a.out
configure:2061: checking whether the C compiler works
configure:2067: ./a.out
configure:2070: $? = 0
configure:2087: result: yes
configure:2094: checking whether we are cross compiling
configure:2096: result: no
configure:2099: checking for suffix of executables
configure:2101: gcc -o conftest    conftest.c  >&5
configure:2104: $? = 0
configure:2129: result: 
configure:2135: checking for suffix of object files
configure:2157: gcc -c   conftest.c >&5
configure:2160: $? = 0
configure:2182: result: o
configure:2186: checking whether we are using the GNU C compiler
configure:2211: gcc -c   conftest.c >&5
configure:2214: $? = 0
configure:2217: test -s conftest.o
configure:2220: $? = 0
configure:2233: result: yes
configure:2239: checking whether gcc accepts -g
configure:2261: gcc -c -g  conftest.c >&5
configure:2264: $? = 0
configure:2267: test -s conftest.o
configure:2270: $? = 0
configure:2281: result: yes
configure:2298: checking for gcc option to accept ANSI C
configure:2359: gcc  -c -g -O2  conftest.c >&5
configure:2362: $? = 0
configure:2365: test -s conftest.o
configure:2368: $? = 0
configure:2386: result: none needed
configure:2404: gcc -c -g -O2  conftest.c >&5
conftest.c:2: error: syntax error before "me"
configure:2407: $? = 1
configure: failed program was:
| #ifndef __cplusplus
|   choke me
| #endif
configure:2526: checking for style of include used by make
configure:2554: result: GNU
configure:2582: checking dependency style of gcc
configure:2665: result: gcc3
configure:2776: checking for C++ compiler version
configure:2779: g++-3.3 --version </dev/null >&5
g++-3.3 (GCC) 3.3.2 20031005 (Debian prerelease)
Copyright (C) 2003 Free Software Foundation, Inc.
This is free software; see the source for copying conditions.  There is NO
warranty; not even for MERCHANTABILITY or FITNESS FOR A PARTICULAR PURPOSE.

configure:2782: $? = 0
configure:2784: g++-3.3 -v </dev/null >&5
Reading specs from /usr/lib/gcc-lib/i486-linux/3.3.2/specs
Configured with: ../src/configure -v --enable-languages=c,c++,java,f77,pascal,objc,ada,treelang --prefix=/usr --mandir=/usr/share/man --infodir=/usr/share/info --with-gxx-include-dir=/usr/include/c++/3.3 --enable-shared --with-system-zlib --enable-nls --without-included-gettext --enable-__cxa_atexit --enable-clocale=gnu --enable-debug --enable-java-gc=boehm --enable-java-awt=xlib --enable-objc-gc i486-linux
Thread model: posix
gcc version 3.3.2 20031005 (Debian prerelease)
configure:2787: $? = 0
configure:2789: g++-3.3 -V </dev/null >&5
g++-3.3: `-V' option must have argument
configure:2792: $? = 1
configure:2795: checking whether we are using the GNU C++ compiler
configure:2820: g++-3.3 -c   conftest.cc >&5
configure:2823: $? = 0
configure:2826: test -s conftest.o
configure:2829: $? = 0
configure:2842: result: yes
configure:2848: checking whether g++-3.3 accepts -g
configure:2870: g++-3.3 -c -g  conftest.cc >&5
configure:2873: $? = 0
configure:2876: test -s conftest.o
configure:2879: $? = 0
configure:2890: result: yes
configure:2933: g++-3.3 -c -g -O2  conftest.cc >&5
configure:2936: $? = 0
configure:2939: test -s conftest.o
configure:2942: $? = 0
configure:2969: g++-3.3 -c -g -O2  conftest.cc >&5
configure: In function `int main()':
configure:2966: error: `exit' undeclared (first use this function)
configure:2966: error: (Each undeclared identifier is reported only once for 
   each function it appears in.)
configure:2972: $? = 1
configure: failed program was:
| #line 2952 "configure"
| /* confdefs.h.  */
| 
| #define PACKAGE_NAME "Isidor"
| #define PACKAGE_TARNAME "isidor"
| #define PACKAGE_VERSION "0.0.0"
| #define PACKAGE_STRING "Isidor 0.0.0"
| #define PACKAGE_BUGREPORT ""
| #define PACKAGE "isidor"
| #define VERSION "0.0.0"
| /* end confdefs.h.  */
| 
| int
| main ()
| {
| exit (42);
|   ;
|   return 0;
| }
configure:2933: g++-3.3 -c -g -O2  conftest.cc >&5
configure:2936: $? = 0
configure:2939: test -s conftest.o
configure:2942: $? = 0
configure:2969: g++-3.3 -c -g -O2  conftest.cc >&5
configure:2972: $? = 0
configure:2975: test -s conftest.o
configure:2978: $? = 0
configure:3003: checking dependency style of g++-3.3
configure:3086: result: gcc3
configure:3115: checking for a BSD-compatible install
configure:3169: result: /usr/bin/install -c
configure:3221: checking for ranlib
configure:3237: found /usr/bin/ranlib
configure:3248: result: ranlib
configure:3276: checking for pkg-config
configure:3294: found /usr/bin/pkg-config
configure:3307: result: /usr/bin/pkg-config
configure:3331: checking for
  clanCore-0.7           >= 0.7.3
  clanApp-0.7            >= 0.7.3
  clanDisplay-0.7        >= 0.7.3
  clanGL-0.7             >= 0.7.3
  clanGUI-0.7            >= 0.7.3
  clanGUIStyleSilver-0.7 >= 0.7.3
  
configure:3349: result: yes
configure:3353: checking ISIDOR_CFLAGS
configure:3363: result: -I/home/ingo/run/ClanLib-0.7-2003-10-22/include/ClanLib-0.7  
configure:3366: checking ISIDOR_LIBS
configure:3376: result: -L/home/ingo/run/ClanLib-0.7-2003-10-22/lib -lclanApp -lclanGL -lclanDisplay -lclanCore -lclanGUIStyleSilver -lclanGUI  
configure:3546: creating ./config.status

## ---------------------- ##
## Running config.status. ##
## ---------------------- ##

This file was extended by Isidor config.status 0.0.0, which was
generated by GNU Autoconf 2.57.  Invocation command line was

  CONFIG_FILES    = 
  CONFIG_HEADERS  = 
  CONFIG_LINKS    = 
  CONFIG_COMMANDS = 
  $ ./config.status 

on penpen

config.status:662: creating Makefile
config.status:662: creating src/Makefile
config.status:766: creating config.h
config.status:851: config.h is unchanged
config.status:973: executing depfiles commands

## ---------------- ##
## Cache variables. ##
## ---------------- ##

ac_cv_c_compiler_gnu=yes
ac_cv_cxx_compiler_gnu=yes
ac_cv_env_CC_set=
ac_cv_env_CC_value=
ac_cv_env_CFLAGS_set=
ac_cv_env_CFLAGS_value=
ac_cv_env_CPPFLAGS_set=
ac_cv_env_CPPFLAGS_value=
ac_cv_env_CXXFLAGS_set=
ac_cv_env_CXXFLAGS_value=
ac_cv_env_CXX_set=set
ac_cv_env_CXX_value=g++-3.3
ac_cv_env_LDFLAGS_set=
ac_cv_env_LDFLAGS_value=
ac_cv_env_build_alias_set=
ac_cv_env_build_alias_value=
ac_cv_env_host_alias_set=
ac_cv_env_host_alias_value=
ac_cv_env_target_alias_set=
ac_cv_env_target_alias_value=
ac_cv_exeext=
ac_cv_objext=o
ac_cv_path_PKG_CONFIG=/usr/bin/pkg-config
ac_cv_path_install='/usr/bin/install -c'
ac_cv_prog_AWK=gawk
ac_cv_prog_ac_ct_CC=gcc
ac_cv_prog_ac_ct_RANLIB=ranlib
ac_cv_prog_cc_g=yes
ac_cv_prog_cc_stdc=
ac_cv_prog_cxx_g=yes
ac_cv_prog_make_make_set=yes
am_cv_CC_dependencies_compiler_type=gcc3
am_cv_CXX_dependencies_compiler_type=gcc3

## ----------------- ##
## Output variables. ##
## ----------------- ##

ACLOCAL='${SHELL} /home/ingo/projects/isidor/missing --run aclocal-1.7'
AMDEPBACKSLASH='\'
AMDEP_FALSE='#'
AMDEP_TRUE=''
AMTAR='${SHELL} /home/ingo/projects/isidor/missing --run tar'
AUTOCONF='${SHELL} /home/ingo/projects/isidor/missing --run autoconf'
AUTOHEADER='${SHELL} /home/ingo/projects/isidor/missing --run autoheader'
AUTOMAKE='${SHELL} /home/ingo/projects/isidor/missing --run automake-1.7'
AWK='gawk'
CC='gcc'
CCDEPMODE='depmode=gcc3'
CFLAGS='-g -O2'
CPPFLAGS=''
CXX='g++-3.3'
CXXDEPMODE='depmode=gcc3'
CXXFLAGS='-g -O2 -I${top_srcdir}/src/'
CYGPATH_W='echo'
DEFS='-DHAVE_CONFIG_H'
DEPDIR='.deps'
ECHO_C=''
ECHO_N='-n'
ECHO_T=''
EXEEXT=''
INSTALL_DATA='${INSTALL} -m 644'
INSTALL_PROGRAM='${INSTALL}'
INSTALL_SCRIPT='${INSTALL}'
INSTALL_STRIP_PROGRAM='${SHELL} $(install_sh) -c -s'
ISIDOR_CFLAGS='-I/home/ingo/run/ClanLib-0.7-2003-10-22/include/ClanLib-0.7  '
ISIDOR_LIBS='-L/home/ingo/run/ClanLib-0.7-2003-10-22/lib -lclanApp -lclanGL -lclanDisplay -lclanCore -lclanGUIStyleSilver -lclanGUI  '
LDFLAGS=''
LIBOBJS=''
LIBS=''
LTLIBOBJS=''
MAKEINFO='${SHELL} /home/ingo/projects/isidor/missing --run makeinfo'
OBJEXT='o'
PACKAGE='isidor'
PACKAGE_BUGREPORT=''
PACKAGE_NAME='Isidor'
PACKAGE_STRING='Isidor 0.0.0'
PACKAGE_TARNAME='isidor'
PACKAGE_VERSION='0.0.0'
PATH_SEPARATOR=':'
PKG_CONFIG='/usr/bin/pkg-config'
RANLIB='ranlib'
SET_MAKE=''
SHELL='/bin/sh'
STRIP=''
VERSION='0.0.0'
ac_ct_CC='gcc'
ac_ct_CXX=''
ac_ct_RANLIB='ranlib'
ac_ct_STRIP=''
am__fastdepCC_FALSE='#'
am__fastdepCC_TRUE=''
am__fastdepCXX_FALSE='#'
am__fastdepCXX_TRUE=''
am__include='include'
am__leading_dot='.'
am__quote=''
bindir='${exec_prefix}/bin'
build_alias=''
datadir='${prefix}/share'
exec_prefix='${prefix}'
host_alias=''
includedir='${prefix}/include'
infodir='${prefix}/info'
install_sh='/home/ingo/projects/isidor/install-sh'
libdir='${exec_prefix}/lib'
libexecdir='${exec_prefix}/libexec'
localstatedir='${prefix}/var'
mandir='${prefix}/man'
oldincludedir='/usr/include'
prefix='/usr/local'
program_transform_name='s,x,x,'
sbindir='${exec_prefix}/sbin'
sharedstatedir='${prefix}/com'
sysconfdir='${prefix}/etc'
target_alias=''

## ----------- ##
## confdefs.h. ##
## ----------- ##

#define PACKAGE "isidor"
#define PACKAGE_BUGREPORT ""
#define PACKAGE_NAME "Isidor"
#define PACKAGE_STRING "Isidor 0.0.0"
#define PACKAGE_TARNAME "isidor"
#define PACKAGE_VERSION "0.0.0"
#define VERSION "0.0.0"
#endif
#ifdef __cplusplus
extern "C" void std::exit (int) throw (); using std::exit;

configure: exit 0

## ---------------------- ##
## Running config.status. ##
## ---------------------- ##

This file was extended by Isidor config.status 0.0.0, which was
generated by GNU Autoconf 2.57.  Invocation command line was

  CONFIG_FILES    = 
  CONFIG_HEADERS  = 
  CONFIG_LINKS    = 
  CONFIG_COMMANDS = 
  $ ./config.status config.h

on penpen

config.status:766: creating config.h
config.status:851: config.h is unchanged

## ---------------------- ##
## Running config.status. ##
## ---------------------- ##

This file was extended by Isidor config.status 0.0.0, which was
generated by GNU Autoconf 2.57.  Invocation command line was

  CONFIG_FILES    = 
  CONFIG_HEADERS  = 
  CONFIG_LINKS    = 
  CONFIG_COMMANDS = 
  $ ./config.status src/Makefile depfiles

on penpen

config.status:662: creating src/Makefile
config.status:973: executing depfiles commands

## ---------------------- ##
## Running config.status. ##
## ---------------------- ##

This file was extended by Isidor config.status 0.0.0, which was
generated by GNU Autoconf 2.57.  Invocation command line was

  CONFIG_FILES    = 
  CONFIG_HEADERS  = 
  CONFIG_LINKS    = 
  CONFIG_COMMANDS = 
  $ ./config.status src/Makefile depfiles

on penpen

config.status:662: creating src/Makefile
config.status:973: executing depfiles commands
